#
# Automatically generated, don't edit
#
# Generated on: nofx
# At: Mon, 02 Feb 2004 05:06:54 +0000
# Linux version 2.6.0-test7 (benno@nofx) (gcc version 3.3.2 20031005 (Debian prerelease)) #1 Fri Oct 10 11:37:38 EST 2003

#
# Pistachio Kernel Configuration System
#

#
# Hardware
#

#
# Basic Architecture
#
CONFIG_ARCH_IA32=n
CONFIG_ARCH_IA64=n
CONFIG_ARCH_POWERPC=n
CONFIG_ARCH_POWERPC64=n
CONFIG_ARCH_AMD64=n
CONFIG_ARCH_ALPHA=n
CONFIG_ARCH_MIPS64=n
CONFIG_ARCH_ARM=y
CONFIG_ARCH_SPARC64=n


#
# Processor Type
#
CONFIG_CPU_IA32_I586=n
CONFIG_CPU_IA32_I686=n
CONFIG_CPU_IA32_P4=n


#
# Processor Type
#
CONFIG_CPU_ARM_SA1100=y


#
# Platform
#
CONFIG_PLAT_PC99=n


#
# Platform
#
CONFIG_PLAT_PLEB=y


#
# Miscellaneous
#
CONFIG_ENABLE_FASS=n



#
# Kernel
#
CONFIG_DEBUG=y


#
# Debugger
#
CONFIG_KDB=y
CONFIG_KDB_ON_STARTUP=n
CONFIG_KDB_BREAKIN=y
CONFIG_KDB_NO_ASSERTS=n

#
# Trace Settings
#
CONFIG_VERBOSE_INIT=n
CONFIG_TRACEPOINTS=y
CONFIG_KMEM_TRACE=n



#
# Code Generator Options
#


#
# Derived symbols
#
CONFIG_HAVE_MEMORY_CONTROL=n
CONFIG_IA32_PGE=n
CONFIG_PLAT_OFSPARC64=n
CONFIG_CPU_ALPHA_A21264=n
CONFIG_IA32_FXSR=n
CONFIG_CPU_ALPHA_A21064=n
CONFIG_BIGENDIAN=n
CONFIG_IS_32BIT=y
CONFIG_CPU_SPARC64_ULTRASPARC=n
CONFIG_SWIZZLE_IO_ADDR=n
CONFIG_IS_64BIT=n
CONFIG_IA32_SMALL_SPACES_GLOBAL=n
CONFIG_SPARC64_ULTRASPARC2I=n
CONFIG_SPARC64_ULTRASPARC1=n
CONFIG_SPARC64_ULTRASPARC2=n
CONFIG_ACPI=n
CONFIG_ALPHA_FASTPATH=n
CONFIG_CPU_ALPHA_A21164=n
CONFIG_IA32_SYSENTER=n
CONFIG_IA32_HTT=n
#
# That's all, folks!
